#
# There is insufficient memory for the Java Runtime Environment to continue.
# Native memory allocation (malloc) failed to allocate 62336 bytes for Chunk::new
# Possible reasons:
#   The system is out of physical RAM or swap space
#   The process is running with CompressedOops enabled, and the Java Heap may be blocking the growth of the native heap
# Possible solutions:
#   Reduce memory load on the system
#   Increase physical memory or swap space
#   Check if swap backing store is full
#   Decrease Java heap size (-Xmx/-Xms)
#   Decrease number of Java threads
#   Decrease Java thread stack sizes (-Xss)
#   Set larger code cache with -XX:ReservedCodeCacheSize=
#   JVM is running with Unscaled Compressed Oops mode in which the Java heap is
#     placed in the first 4GB address space. The Java Heap base address is the
#     maximum limit for the native heap growth. Please use -XX:HeapBaseMinAddress
#     to set the Java Heap base and to place the Java Heap above 4GB virtual address.
# This output file may be truncated or incomplete.
#
#  Out of Memory Error (allocation.cpp:389), pid=684, tid=0x0000000000002a20
#
# JRE version: Java(TM) SE Runtime Environment (8.0_271-b09) (build 1.8.0_271-b09)
# Java VM: Java HotSpot(TM) 64-Bit Server VM (25.271-b09 mixed mode windows-amd64 compressed oops)
# Failed to write core dump. Minidumps are not enabled by default on client versions of Windows
#

---------------  T H R E A D  ---------------

Current thread (0x0000012dac794000):  JavaThread "C2 CompilerThread1" daemon [_thread_in_native, id=10784, stack(0x0000002d44e00000,0x0000002d44f00000)]

Stack: [0x0000002d44e00000,0x0000002d44f00000]
Native frames: (J=compiled Java code, j=interpreted, Vv=VM code, C=native code)
V  [jvm.dll+0x33f6c9]


Current CompileTask:
C2:   2499 1216       4       sun.nio.cs.UTF_8$Encoder::encodeArrayLoop (489 bytes)


---------------  P R O C E S S  ---------------

Java Threads: ( => current thread )
  0x0000012dadf20800 JavaThread "Prism Font Disposer" daemon [_thread_blocked, id=2340, stack(0x0000002d45d00000,0x0000002d45e00000)]
  0x0000012dadc78000 JavaThread "Thread-3" daemon [_thread_in_native, id=8328, stack(0x0000002d45800000,0x0000002d45900000)]
  0x0000012dadc86800 JavaThread "JavaFX-Launcher" [_thread_blocked, id=11088, stack(0x0000002d45900000,0x0000002d45a00000)]
  0x0000012dad6d5000 JavaThread "JavaFX Application Thread" [_thread_in_native, id=2572, stack(0x0000002d45400000,0x0000002d45500000)]
  0x0000012dad68c800 JavaThread "Thread-1" daemon [_thread_blocked, id=10892, stack(0x0000002d45300000,0x0000002d45400000)]
  0x0000012dad643800 JavaThread "QuantumRenderer-0" daemon [_thread_in_native, id=9224, stack(0x0000002d45200000,0x0000002d45300000)]
  0x0000012dad320800 JavaThread "Service Thread" daemon [_thread_blocked, id=10400, stack(0x0000002d45000000,0x0000002d45100000)]
  0x0000012dac79f000 JavaThread "C1 CompilerThread2" daemon [_thread_blocked, id=7352, stack(0x0000002d44f00000,0x0000002d45000000)]
=>0x0000012dac794000 JavaThread "C2 CompilerThread1" daemon [_thread_in_native, id=10784, stack(0x0000002d44e00000,0x0000002d44f00000)]
  0x0000012dac786800 JavaThread "C2 CompilerThread0" daemon [_thread_blocked, id=7392, stack(0x0000002d44d00000,0x0000002d44e00000)]
  0x0000012dac785000 JavaThread "Monitor Ctrl-Break" daemon [_thread_in_native, id=9188, stack(0x0000002d44c00000,0x0000002d44d00000)]
  0x0000012dac738800 JavaThread "Attach Listener" daemon [_thread_blocked, id=5452, stack(0x0000002d44b00000,0x0000002d44c00000)]
  0x0000012dac73f800 JavaThread "Signal Dispatcher" daemon [_thread_blocked, id=9436, stack(0x0000002d44a00000,0x0000002d44b00000)]
  0x0000012dabfea000 JavaThread "Finalizer" daemon [_thread_blocked, id=8340, stack(0x0000002d44800000,0x0000002d44900000)]
  0x0000012dabfe7800 JavaThread "Reference Handler" daemon [_thread_blocked, id=240, stack(0x0000002d44700000,0x0000002d44800000)]
  0x0000012d96048000 JavaThread "main" [_thread_blocked, id=7976, stack(0x0000002d44100000,0x0000002d44200000)]

Other Threads:
  0x0000012dac6f4800 VMThread [stack: 0x0000002d44600000,0x0000002d44700000] [id=12128]
  0x0000012dad338000 WatcherThread [stack: 0x0000002d45100000,0x0000002d45200000] [id=9704]

VM state:not at safepoint (normal execution)

VM Mutex/Monitor currently owned by a thread: None

heap address: 0x0000000081000000, size: 2032 MB, Compressed Oops mode: 32-bit
Narrow klass base: 0x0000000000000000, Narrow klass shift: 3
Compressed class space size: 1073741824 Address: 0x0000000100000000

Heap:
 PSYoungGen      total 38400K, used 22689K [0x00000000d5b00000, 0x00000000d8580000, 0x0000000100000000)
  eden space 33280K, 56% used [0x00000000d5b00000,0x00000000d6d4c630,0x00000000d7b80000)
  from space 5120K, 77% used [0x00000000d7b80000,0x00000000d7f5c030,0x00000000d8080000)
  to   space 5120K, 0% used [0x00000000d8080000,0x00000000d8080000,0x00000000d8580000)
 ParOldGen       total 87552K, used 80K [0x0000000081000000, 0x0000000086580000, 0x00000000d5b00000)
  object space 87552K, 0% used [0x0000000081000000,0x0000000081014010,0x0000000086580000)
 Metaspace       used 15747K, capacity 16316K, committed 16512K, reserved 1062912K
  class space    used 2152K, capacity 2347K, committed 2432K, reserved 1048576K

Card table byte_map: [0x0000012da6c90000,0x0000012da7090000] byte_map_base: 0x0000012da6888000

Marking Bits: (ParMarkBitMap*) 0x000000006c9f7fe0
 Begin Bits: [0x0000012da7340000, 0x0000012da9300000)
 End Bits:   [0x0000012da9300000, 0x0000012dab2c0000)

Polling page: 0x0000012d96000000

CodeCache: size=245760Kb used=4281Kb max_used=4281Kb free=241478Kb
 bounds [0x0000012d978d0000, 0x0000012d97d00000, 0x0000012da68d0000]
 total_blobs=1850 nmethods=1217 adapters=545
 compilation: enabled

Compilation events (10 events):
Event: 2.489 Thread 0x0000012dac79f000 nmethod 1211 0x0000012d97cf8010 code [0x0000012d97cf8160, 0x0000012d97cf8278]
Event: 2.489 Thread 0x0000012dac79f000 1209       3       javafx.scene.Node::updateBounds (174 bytes)
Event: 2.492 Thread 0x0000012dac79f000 nmethod 1209 0x0000012d97cf82d0 code [0x0000012d97cf85c0, 0x0000012d97cfa560]
Event: 2.492 Thread 0x0000012dac79f000 1214   !   3       java.io.PrintStream::newLine (73 bytes)
Event: 2.492 Thread 0x0000012dac794000 1216       4       sun.nio.cs.UTF_8$Encoder::encodeArrayLoop (489 bytes)
Event: 2.493 Thread 0x0000012dac79f000 nmethod 1214 0x0000012d97cfad90 code [0x0000012d97cfafa0, 0x0000012d97cfb9c0]
Event: 2.493 Thread 0x0000012dac79f000 1215       3       java.lang.StackTraceElement::toString (140 bytes)
Event: 2.495 Thread 0x0000012dac79f000 nmethod 1215 0x0000012d97cfc0d0 code [0x0000012d97cfc400, 0x0000012d97cfe050]
Event: 2.495 Thread 0x0000012dac79f000 1210       1       com.sun.javafx.sg.prism.NGNode::isShape3D (2 bytes)
Event: 2.495 Thread 0x0000012dac79f000 nmethod 1210 0x0000012d97cfe9d0 code [0x0000012d97cfeb20, 0x0000012d97cfec38]

GC Heap History (2 events):
Event: 1.875 GC heap before
{Heap before GC invocations=1 (full 0):
 PSYoungGen      total 38400K, used 33280K [0x00000000d5b00000, 0x00000000d8580000, 0x0000000100000000)
  eden space 33280K, 100% used [0x00000000d5b00000,0x00000000d7b80000,0x00000000d7b80000)
  from space 5120K, 0% used [0x00000000d8080000,0x00000000d8080000,0x00000000d8580000)
  to   space 5120K, 0% used [0x00000000d7b80000,0x00000000d7b80000,0x00000000d8080000)
 ParOldGen       total 87552K, used 0K [0x0000000081000000, 0x0000000086580000, 0x00000000d5b00000)
  object space 87552K, 0% used [0x0000000081000000,0x0000000081000000,0x0000000086580000)
 Metaspace       used 13443K, capacity 13922K, committed 14080K, reserved 1060864K
  class space    used 1797K, capacity 1964K, committed 2048K, reserved 1048576K
Event: 1.884 GC heap after
Heap after GC invocations=1 (full 0):
 PSYoungGen      total 38400K, used 3952K [0x00000000d5b00000, 0x00000000d8580000, 0x0000000100000000)
  eden space 33280K, 0% used [0x00000000d5b00000,0x00000000d5b00000,0x00000000d7b80000)
  from space 5120K, 77% used [0x00000000d7b80000,0x00000000d7f5c030,0x00000000d8080000)
  to   space 5120K, 0% used [0x00000000d8080000,0x00000000d8080000,0x00000000d8580000)
 ParOldGen       total 87552K, used 80K [0x0000000081000000, 0x0000000086580000, 0x00000000d5b00000)
  object space 87552K, 0% used [0x0000000081000000,0x0000000081014010,0x0000000086580000)
 Metaspace       used 13443K, capacity 13922K, committed 14080K, reserved 1060864K
  class space    used 1797K, capacity 1964K, committed 2048K, reserved 1048576K
}

Deoptimization events (10 events):
Event: 1.824 Thread 0x0000012dad6d5000 Uncommon trap: reason=class_check action=maybe_recompile pc=0x0000012d97b8be60 method=java.io.DataInputStream.readShort()S @ 4
Event: 1.824 Thread 0x0000012dad6d5000 Uncommon trap: reason=class_check action=maybe_recompile pc=0x0000012d97b8be60 method=java.io.DataInputStream.readShort()S @ 4
Event: 1.824 Thread 0x0000012dad6d5000 Uncommon trap: reason=class_check action=maybe_recompile pc=0x0000012d97b8be60 method=java.io.DataInputStream.readShort()S @ 4
Event: 1.833 Thread 0x0000012dad6d5000 Uncommon trap: reason=class_check action=maybe_recompile pc=0x0000012d97a69168 method=java.lang.String.equals(Ljava/lang/Object;)Z @ 8
Event: 1.833 Thread 0x0000012dad6d5000 Uncommon trap: reason=class_check action=maybe_recompile pc=0x0000012d97a69168 method=java.lang.String.equals(Ljava/lang/Object;)Z @ 8
Event: 1.833 Thread 0x0000012dad6d5000 Uncommon trap: reason=class_check action=maybe_recompile pc=0x0000012d97a69168 method=java.lang.String.equals(Ljava/lang/Object;)Z @ 8
Event: 1.842 Thread 0x0000012dad6d5000 Uncommon trap: reason=class_check action=maybe_recompile pc=0x0000012d97a69168 method=java.lang.String.equals(Ljava/lang/Object;)Z @ 8
Event: 1.889 Thread 0x0000012dad6d5000 Uncommon trap: reason=unstable_if action=reinterpret pc=0x0000012d97c10b64 method=java.lang.String.regionMatches(ZILjava/lang/String;II)Z @ 123
Event: 2.066 Thread 0x0000012dad6d5000 Uncommon trap: reason=unstable_if action=reinterpret pc=0x0000012d97b82dac method=sun.net.www.ParseUtil.encodePath(Ljava/lang/String;Z)Ljava/lang/String; @ 109
Event: 2.134 Thread 0x0000012dad6d5000 Uncommon trap: reason=unstable_if action=reinterpret pc=0x0000012d97bfe7a4 method=jdk.internal.org.objectweb.asm.Type.getArgumentsAndReturnSizes(Ljava/lang/String;)I @ 47

Classes redefined (0 events):
No events

Internal exceptions (10 events):
Event: 2.371 Thread 0x0000012dad643800 Exception <a 'java/lang/NullPointerException'> (0x00000000d6128fe0) thrown at [C:\jenkins\workspace\8-2-build-windows-amd64-cygwin\jdk8u271\605\hotspot\src\share\vm\interpreter\linkResolver.cpp, line 1287]
Event: 2.388 Thread 0x0000012dad643800 Exception <a 'java/lang/NullPointerException'> (0x00000000d6136b08) thrown at [C:\jenkins\workspace\8-2-build-windows-amd64-cygwin\jdk8u271\605\hotspot\src\share\vm\interpreter\linkResolver.cpp, line 1287]
Event: 2.398 Thread 0x0000012dad643800 Exception <a 'java/lang/NullPointerException'> (0x00000000d6141fb0) thrown at [C:\jenkins\workspace\8-2-build-windows-amd64-cygwin\jdk8u271\605\hotspot\src\share\vm\interpreter\linkResolver.cpp, line 1287]
Event: 2.414 Thread 0x0000012dad643800 Exception <a 'java/lang/NullPointerException'> (0x00000000d614d478) thrown at [C:\jenkins\workspace\8-2-build-windows-amd64-cygwin\jdk8u271\605\hotspot\src\share\vm\interpreter\linkResolver.cpp, line 1287]
Event: 2.420 Thread 0x0000012dad643800 Exception <a 'java/lang/NullPointerException'> (0x00000000d61589a8) thrown at [C:\jenkins\workspace\8-2-build-windows-amd64-cygwin\jdk8u271\605\hotspot\src\share\vm\interpreter\linkResolver.cpp, line 1287]
Event: 2.428 Thread 0x0000012dad643800 Exception <a 'java/lang/NullPointerException'> (0x00000000d6163e50) thrown at [C:\jenkins\workspace\8-2-build-windows-amd64-cygwin\jdk8u271\605\hotspot\src\share\vm\interpreter\linkResolver.cpp, line 1287]
Event: 2.441 Thread 0x0000012dad643800 Exception <a 'java/lang/NullPointerException'> (0x00000000d676f5b8) thrown at [C:\jenkins\workspace\8-2-build-windows-amd64-cygwin\jdk8u271\605\hotspot\src\share\vm\interpreter\linkResolver.cpp, line 1287]
Event: 2.445 Thread 0x0000012dad643800 Exception <a 'java/lang/NullPointerException'> (0x00000000d677aa80) thrown at [C:\jenkins\workspace\8-2-build-windows-amd64-cygwin\jdk8u271\605\hotspot\src\share\vm\interpreter\linkResolver.cpp, line 1287]
Event: 2.477 Thread 0x0000012dad643800 Exception <a 'java/lang/NullPointerException'> (0x00000000d6785f48) thrown at [C:\jenkins\workspace\8-2-build-windows-amd64-cygwin\jdk8u271\605\hotspot\src\share\vm\interpreter\linkResolver.cpp, line 1287]
Event: 2.480 Thread 0x0000012dad643800 Exception <a 'java/lang/NullPointerException'> (0x00000000d6791428) thrown at [C:\jenkins\workspace\8-2-build-windows-amd64-cygwin\jdk8u271\605\hotspot\src\share\vm\interpreter\linkResolver.cpp, line 1287]

Events (10 events):
Event: 2.369 loading class com/sun/prism/shader/Texture_Color_Loader
Event: 2.369 loading class com/sun/prism/shader/Texture_Color_Loader done
Event: 2.371 loading class java/lang/Throwable$WrappedPrintStream
Event: 2.372 loading class java/lang/Throwable$PrintStreamOrWriter
Event: 2.373 loading class java/lang/Throwable$PrintStreamOrWriter done
Event: 2.373 loading class java/lang/Throwable$WrappedPrintStream done
Event: 2.373 loading class java/util/IdentityHashMap$KeySet
Event: 2.374 loading class java/util/IdentityHashMap$KeySet done
Event: 2.450 loading class com/sun/javafx/geometry/BoundsUtils
Event: 2.450 loading class com/sun/javafx/geometry/BoundsUtils done


Dynamic libraries:
0x00007ff7da580000 - 0x00007ff7da5c7000 	D:\Program Files\Java\jdk1.8.0_271\bin\java.exe
0x00007ffa85f30000 - 0x00007ffa86128000 	C:\WINDOWS\SYSTEM32\ntdll.dll
0x00007ffa84880000 - 0x00007ffa8493d000 	C:\WINDOWS\System32\KERNEL32.DLL
0x00007ffa83b90000 - 0x00007ffa83e5e000 	C:\WINDOWS\System32\KERNELBASE.dll
0x00007ffa85540000 - 0x00007ffa855ee000 	C:\WINDOWS\System32\ADVAPI32.dll
0x00007ffa83f90000 - 0x00007ffa8402e000 	C:\WINDOWS\System32\msvcrt.dll
0x00007ffa85420000 - 0x00007ffa854bc000 	C:\WINDOWS\System32\sechost.dll
0x00007ffa84400000 - 0x00007ffa84525000 	C:\WINDOWS\System32\RPCRT4.dll
0x00007ffa84970000 - 0x00007ffa84b10000 	C:\WINDOWS\System32\USER32.dll
0x00007ffa83f60000 - 0x00007ffa83f82000 	C:\WINDOWS\System32\win32u.dll
0x00007ffa84940000 - 0x00007ffa8496a000 	C:\WINDOWS\System32\GDI32.dll
0x00007ffa83a80000 - 0x00007ffa83b8b000 	C:\WINDOWS\System32\gdi32full.dll
0x00007ffa838e0000 - 0x00007ffa8397d000 	C:\WINDOWS\System32\msvcp_win.dll
0x00007ffa83650000 - 0x00007ffa83750000 	C:\WINDOWS\System32\ucrtbase.dll
0x00007ffa74f70000 - 0x00007ffa7520a000 	C:\WINDOWS\WinSxS\amd64_microsoft.windows.common-controls_6595b64144ccf1df_6.0.19041.1110_none_60b5254171f9507e\COMCTL32.dll
0x00007ffa85310000 - 0x00007ffa85340000 	C:\WINDOWS\System32\IMM32.DLL
0x00007ffa7d270000 - 0x00007ffa7d285000 	D:\Program Files\Java\jdk1.8.0_271\jre\bin\vcruntime140.dll
0x00007ffa723f0000 - 0x00007ffa7248b000 	D:\Program Files\Java\jdk1.8.0_271\jre\bin\msvcp140.dll
0x000000006c200000 - 0x000000006ca6f000 	D:\Program Files\Java\jdk1.8.0_271\jre\bin\server\jvm.dll
0x00007ffa854d0000 - 0x00007ffa854d8000 	C:\WINDOWS\System32\PSAPI.DLL
0x00007ffa7f070000 - 0x00007ffa7f079000 	C:\WINDOWS\SYSTEM32\WSOCK32.dll
0x00007ffa85cd0000 - 0x00007ffa85d3b000 	C:\WINDOWS\System32\WS2_32.dll
0x00007ffa6ec50000 - 0x00007ffa6ec77000 	C:\WINDOWS\SYSTEM32\WINMM.dll
0x00007ffa72e90000 - 0x00007ffa72e9a000 	C:\WINDOWS\SYSTEM32\VERSION.dll
0x00007ffa81550000 - 0x00007ffa81562000 	C:\WINDOWS\SYSTEM32\kernel.appcore.dll
0x00007ffa7f080000 - 0x00007ffa7f090000 	D:\Program Files\Java\jdk1.8.0_271\jre\bin\verify.dll
0x00007ffa758d0000 - 0x00007ffa758fb000 	D:\Program Files\Java\jdk1.8.0_271\jre\bin\java.dll
0x00007ffa72500000 - 0x00007ffa72530000 	D:\Program Files\Java\jdk1.8.0_271\jre\bin\instrument.dll
0x00007ffa7cb20000 - 0x00007ffa7cb38000 	D:\Program Files\Java\jdk1.8.0_271\jre\bin\zip.dll
0x00007ffa84b10000 - 0x00007ffa85254000 	C:\WINDOWS\System32\SHELL32.dll
0x00007ffa81750000 - 0x00007ffa81ee4000 	C:\WINDOWS\SYSTEM32\windows.storage.dll
0x00007ffa84040000 - 0x00007ffa84394000 	C:\WINDOWS\System32\combase.dll
0x00007ffa82fe0000 - 0x00007ffa83010000 	C:\WINDOWS\SYSTEM32\Wldp.dll
0x00007ffa85680000 - 0x00007ffa8572d000 	C:\WINDOWS\System32\SHCORE.dll
0x00007ffa84530000 - 0x00007ffa84585000 	C:\WINDOWS\System32\shlwapi.dll
0x00007ffa83590000 - 0x00007ffa835af000 	C:\WINDOWS\SYSTEM32\profapi.dll
0x00007ffa724e0000 - 0x00007ffa724fa000 	C:\Program Files\JetBrains\IntelliJ IDEA 2022.2\bin\breakgen64.dll
0x00007ffa723d0000 - 0x00007ffa723ec000 	D:\Program Files\Java\jdk1.8.0_271\jre\bin\net.dll
0x00007ffa82d40000 - 0x00007ffa82daa000 	C:\WINDOWS\system32\mswsock.dll
0x0000012dad700000 - 0x0000012dad703000 	D:\Program Files\Java\jdk1.8.0_271\jre\bin\api-ms-win-core-console-l1-1-0.dll
0x0000012dad710000 - 0x0000012dad713000 	D:\Program Files\Java\jdk1.8.0_271\jre\bin\api-ms-win-core-console-l1-2-0.dll
0x0000012dad720000 - 0x0000012dad723000 	D:\Program Files\Java\jdk1.8.0_271\jre\bin\api-ms-win-core-datetime-l1-1-0.dll
0x0000012dad730000 - 0x0000012dad733000 	D:\Program Files\Java\jdk1.8.0_271\jre\bin\api-ms-win-core-debug-l1-1-0.dll
0x0000012dad740000 - 0x0000012dad743000 	D:\Program Files\Java\jdk1.8.0_271\jre\bin\api-ms-win-core-errorhandling-l1-1-0.dll
0x0000012dad750000 - 0x0000012dad754000 	D:\Program Files\Java\jdk1.8.0_271\jre\bin\api-ms-win-core-file-l1-1-0.dll
0x0000012dad760000 - 0x0000012dad763000 	D:\Program Files\Java\jdk1.8.0_271\jre\bin\api-ms-win-core-file-l1-2-0.dll
0x0000012dad770000 - 0x0000012dad773000 	D:\Program Files\Java\jdk1.8.0_271\jre\bin\api-ms-win-core-file-l2-1-0.dll
0x0000012dad780000 - 0x0000012dad783000 	D:\Program Files\Java\jdk1.8.0_271\jre\bin\api-ms-win-core-handle-l1-1-0.dll
0x0000012dad790000 - 0x0000012dad793000 	D:\Program Files\Java\jdk1.8.0_271\jre\bin\api-ms-win-core-heap-l1-1-0.dll
0x0000012dad7a0000 - 0x0000012dad7a3000 	D:\Program Files\Java\jdk1.8.0_271\jre\bin\api-ms-win-core-interlocked-l1-1-0.dll
0x0000012dad7b0000 - 0x0000012dad7b3000 	D:\Program Files\Java\jdk1.8.0_271\jre\bin\api-ms-win-core-libraryloader-l1-1-0.dll
0x0000012dad7c0000 - 0x0000012dad7c3000 	D:\Program Files\Java\jdk1.8.0_271\jre\bin\api-ms-win-core-localization-l1-2-0.dll
0x0000012dad7d0000 - 0x0000012dad7d3000 	D:\Program Files\Java\jdk1.8.0_271\jre\bin\api-ms-win-core-memory-l1-1-0.dll
0x0000012dad7e0000 - 0x0000012dad7e3000 	D:\Program Files\Java\jdk1.8.0_271\jre\bin\api-ms-win-core-namedpipe-l1-1-0.dll
0x0000012dad7f0000 - 0x0000012dad7f3000 	D:\Program Files\Java\jdk1.8.0_271\jre\bin\api-ms-win-core-processenvironment-l1-1-0.dll
0x0000012dad800000 - 0x0000012dad803000 	D:\Program Files\Java\jdk1.8.0_271\jre\bin\api-ms-win-core-processthreads-l1-1-0.dll
0x0000012dad810000 - 0x0000012dad813000 	D:\Program Files\Java\jdk1.8.0_271\jre\bin\api-ms-win-core-processthreads-l1-1-1.dll
0x0000012dad820000 - 0x0000012dad823000 	D:\Program Files\Java\jdk1.8.0_271\jre\bin\api-ms-win-core-profile-l1-1-0.dll
0x0000012dad830000 - 0x0000012dad833000 	D:\Program Files\Java\jdk1.8.0_271\jre\bin\api-ms-win-core-rtlsupport-l1-1-0.dll
0x0000012dad840000 - 0x0000012dad843000 	D:\Program Files\Java\jdk1.8.0_271\jre\bin\api-ms-win-core-string-l1-1-0.dll
0x0000012dad850000 - 0x0000012dad853000 	D:\Program Files\Java\jdk1.8.0_271\jre\bin\api-ms-win-core-synch-l1-1-0.dll
0x0000012dad860000 - 0x0000012dad863000 	D:\Program Files\Java\jdk1.8.0_271\jre\bin\api-ms-win-core-synch-l1-2-0.dll
0x0000012dad870000 - 0x0000012dad873000 	D:\Program Files\Java\jdk1.8.0_271\jre\bin\api-ms-win-core-sysinfo-l1-1-0.dll
0x0000012dad880000 - 0x0000012dad883000 	D:\Program Files\Java\jdk1.8.0_271\jre\bin\api-ms-win-core-timezone-l1-1-0.dll
0x0000012dad890000 - 0x0000012dad893000 	D:\Program Files\Java\jdk1.8.0_271\jre\bin\api-ms-win-core-util-l1-1-0.dll
0x0000012dad8a0000 - 0x0000012dad8a3000 	D:\Program Files\Java\jdk1.8.0_271\jre\bin\api-ms-win-crt-conio-l1-1-0.dll
0x0000012dad8b0000 - 0x0000012dad8b4000 	D:\Program Files\Java\jdk1.8.0_271\jre\bin\api-ms-win-crt-convert-l1-1-0.dll
0x0000012dad8c0000 - 0x0000012dad8c3000 	D:\Program Files\Java\jdk1.8.0_271\jre\bin\api-ms-win-crt-environment-l1-1-0.dll
0x0000012dad8d0000 - 0x0000012dad8d3000 	D:\Program Files\Java\jdk1.8.0_271\jre\bin\api-ms-win-crt-filesystem-l1-1-0.dll
0x0000012dad8e0000 - 0x0000012dad8e3000 	D:\Program Files\Java\jdk1.8.0_271\jre\bin\api-ms-win-crt-heap-l1-1-0.dll
0x0000012dad8f0000 - 0x0000012dad8f3000 	D:\Program Files\Java\jdk1.8.0_271\jre\bin\api-ms-win-crt-locale-l1-1-0.dll
0x0000012dad900000 - 0x0000012dad905000 	D:\Program Files\Java\jdk1.8.0_271\jre\bin\api-ms-win-crt-math-l1-1-0.dll
0x0000012dad910000 - 0x0000012dad915000 	D:\Program Files\Java\jdk1.8.0_271\jre\bin\api-ms-win-crt-multibyte-l1-1-0.dll
0x0000012dad920000 - 0x0000012dad930000 	D:\Program Files\Java\jdk1.8.0_271\jre\bin\api-ms-win-crt-private-l1-1-0.dll
0x0000012dad930000 - 0x0000012dad933000 	D:\Program Files\Java\jdk1.8.0_271\jre\bin\api-ms-win-crt-process-l1-1-0.dll
0x0000012dad940000 - 0x0000012dad944000 	D:\Program Files\Java\jdk1.8.0_271\jre\bin\api-ms-win-crt-runtime-l1-1-0.dll
0x0000012dad950000 - 0x0000012dad954000 	D:\Program Files\Java\jdk1.8.0_271\jre\bin\api-ms-win-crt-stdio-l1-1-0.dll
0x0000012dad960000 - 0x0000012dad964000 	D:\Program Files\Java\jdk1.8.0_271\jre\bin\api-ms-win-crt-string-l1-1-0.dll
0x0000012dad970000 - 0x0000012dad973000 	D:\Program Files\Java\jdk1.8.0_271\jre\bin\api-ms-win-crt-time-l1-1-0.dll
0x0000012dad980000 - 0x0000012dad983000 	D:\Program Files\Java\jdk1.8.0_271\jre\bin\api-ms-win-crt-utility-l1-1-0.dll
0x00007ffa6c9a0000 - 0x00007ffa6ca9a000 	D:\Program Files\Java\jdk1.8.0_271\jre\bin\ucrtbase.dll
0x00007ffa6f420000 - 0x00007ffa6f42c000 	C:\Windows\System32\vcruntime140_1.dll
0x00007ffa722e0000 - 0x00007ffa72303000 	D:\Program Files\Java\jdk1.8.0_271\jre\bin\prism_d3d.dll
0x00007ffa4d5e0000 - 0x00007ffa4d7af000 	C:\WINDOWS\system32\d3d9.dll
0x00007ffa81340000 - 0x00007ffa8136f000 	C:\WINDOWS\SYSTEM32\dwmapi.dll
0x00007ffa81070000 - 0x00007ffa8110e000 	C:\WINDOWS\system32\uxtheme.dll
0x00007ffa266a0000 - 0x00007ffa28bdd000 	C:\WINDOWS\SYSTEM32\igdumdim64.dll
0x00007ffa846d0000 - 0x00007ffa8479d000 	C:\WINDOWS\System32\OLEAUT32.dll
0x00007ffa85ba0000 - 0x00007ffa85cca000 	C:\WINDOWS\System32\ole32.dll
0x00007ffa85730000 - 0x00007ffa85b9f000 	C:\WINDOWS\System32\SETUPAPI.dll
0x00007ffa83e60000 - 0x00007ffa83eae000 	C:\WINDOWS\System32\cfgmgr32.dll
0x00007ffa83750000 - 0x00007ffa83777000 	C:\WINDOWS\System32\bcrypt.dll
0x00007ffa72290000 - 0x00007ffa722d5000 	D:\Program Files\Java\jdk1.8.0_271\jre\bin\glass.dll
0x00007ffa85340000 - 0x00007ffa8541a000 	C:\WINDOWS\System32\COMDLG32.dll
0x00007ffa84590000 - 0x00007ffa846a5000 	C:\WINDOWS\System32\MSCTF.dll
0x00007ffa83980000 - 0x00007ffa83a02000 	C:\WINDOWS\System32\bcryptPrimitives.dll
0x00007ffa76a90000 - 0x00007ffa774cf000 	C:\WINDOWS\SYSTEM32\igdusc64.dll
0x00007ffa793a0000 - 0x00007ffa793db000 	C:\WINDOWS\SYSTEM32\dxcore.dll
0x00007ffa716e0000 - 0x00007ffa716f4000 	D:\Program Files\Java\jdk1.8.0_271\jre\bin\javafx_font.dll
0x00007ffa69b30000 - 0x00007ffa69daf000 	C:\WINDOWS\SYSTEM32\dwrite.dll
0x00007ffa85260000 - 0x00007ffa85309000 	C:\WINDOWS\System32\clbcatq.dll
0x00007ffa7b050000 - 0x00007ffa7b204000 	C:\WINDOWS\SYSTEM32\WindowsCodecs.dll
0x00007ffa6de50000 - 0x00007ffa6de8e000 	C:\WINDOWS\system32\dataexchange.dll
0x00007ffa804a0000 - 0x00007ffa80684000 	C:\WINDOWS\system32\dcomp.dll
0x00007ffa7f8a0000 - 0x00007ffa7fb03000 	C:\WINDOWS\system32\d3d11.dll
0x00007ffa81f50000 - 0x00007ffa82043000 	C:\WINDOWS\system32\dxgi.dll
0x00007ffa7cdf0000 - 0x00007ffa7cff0000 	C:\WINDOWS\system32\twinapi.appcore.dll
0x00007ffa72530000 - 0x00007ffa72564000 	C:\Program Files\Common Files\Microsoft Shared\Ink\rtscom.dll
0x00007ffa75470000 - 0x00007ffa75569000 	C:\WINDOWS\SYSTEM32\textinputframework.dll
0x00007ffa80ec0000 - 0x00007ffa80fb2000 	C:\WINDOWS\System32\CoreMessaging.dll
0x00007ffa80b60000 - 0x00007ffa80ebe000 	C:\WINDOWS\System32\CoreUIComponents.dll
0x00007ffa80920000 - 0x00007ffa80a74000 	C:\WINDOWS\SYSTEM32\wintypes.dll
0x00007ffa82350000 - 0x00007ffa82383000 	C:\WINDOWS\SYSTEM32\ntmarta.dll
0x00007ffa63440000 - 0x00007ffa63735000 	C:\WINDOWS\SYSTEM32\UIAutomationCore.DLL
0x00007ffa7f770000 - 0x00007ffa7f866000 	C:\WINDOWS\SYSTEM32\PROPSYS.dll
0x00007ffa71950000 - 0x00007ffa719cd000 	C:\Windows\System32\OneCoreCommonProxyStub.dll
0x00007ffa716c0000 - 0x00007ffa716d2000 	D:\Program Files\Java\jdk1.8.0_271\jre\bin\prism_common.dll

VM Arguments:
jvm_args: -javaagent:C:\Program Files\JetBrains\IntelliJ IDEA 2022.2\lib\idea_rt.jar=60444:C:\Program Files\JetBrains\IntelliJ IDEA 2022.2\bin -Dfile.encoding=UTF-8 
java_command: com.seekerscloud.pos.AppInitializer
java_class_path (initial): D:\Program Files\Java\jdk1.8.0_271\jre\lib\charsets.jar;D:\Program Files\Java\jdk1.8.0_271\jre\lib\deploy.jar;D:\Program Files\Java\jdk1.8.0_271\jre\lib\ext\access-bridge-64.jar;D:\Program Files\Java\jdk1.8.0_271\jre\lib\ext\cldrdata.jar;D:\Program Files\Java\jdk1.8.0_271\jre\lib\ext\dnsns.jar;D:\Program Files\Java\jdk1.8.0_271\jre\lib\ext\jaccess.jar;D:\Program Files\Java\jdk1.8.0_271\jre\lib\ext\jfxrt.jar;D:\Program Files\Java\jdk1.8.0_271\jre\lib\ext\localedata.jar;D:\Program Files\Java\jdk1.8.0_271\jre\lib\ext\nashorn.jar;D:\Program Files\Java\jdk1.8.0_271\jre\lib\ext\sunec.jar;D:\Program Files\Java\jdk1.8.0_271\jre\lib\ext\sunjce_provider.jar;D:\Program Files\Java\jdk1.8.0_271\jre\lib\ext\sunmscapi.jar;D:\Program Files\Java\jdk1.8.0_271\jre\lib\ext\sunpkcs11.jar;D:\Program Files\Java\jdk1.8.0_271\jre\lib\ext\zipfs.jar;D:\Program Files\Java\jdk1.8.0_271\jre\lib\javaws.jar;D:\Program Files\Java\jdk1.8.0_271\jre\lib\jce.jar;D:\Program Files\Java\jdk1.8.0_271\jre\lib\jfr.jar;D:\Program Files\Java\jdk1.8.0_271\jre\lib\jfxswt.jar;D:\Program Files\Java\jdk1.8.0_271\jre\lib\jsse.jar;D:\Program Files\Java\jdk1.8.0_271\jre\lib\management-agent.jar;D:\Program Files\Java\jdk1.8.0_271\jre\lib\plugin.jar;D:\Program Files\Java\jdk1.8.0_271\jre\lib\resources.jar;D:\Program Files\Java\jdk1.8.0_271\jre\lib\rt.jar;D:\bootcamp\1\se\final-app\Thogakade\out\production\Thogakade;D:\bootcamp\1\se\final-app\Thogakade\lib\jfoenix-8.0.8.jar;C:\Program Files\JetBrains\IntelliJ IDEA 2022.2\lib\idea_rt.jar
Launcher Type: SUN_STANDARD

Environment Variables:
JAVA_HOME=C:\Program Files\Java\jdk-11.0.15
PATH=C:\Program Files\Common Files\Oracle\Java\javapath;C:\Program Files (x86)\Common Files\Oracle\Java\javapath;C:\WINDOWS\system32;C:\WINDOWS;C:\WINDOWS\System32\Wbem;C:\WINDOWS\System32\WindowsPowerShell\v1.0\;C:\WINDOWS\System32\OpenSSH\;D:\Program Files\nodejs;C:\Program Files\Git\cmd;C:\Program Files\PuTTY\;C:\Windows\System32\cmd.exe;C:\Program Files\Java\jdk1.8.0_202\bin;C:\Program Files\MySQL\MySQL Server 8.0\bin;C:\Program Files\MySQL\MySQL Shell 8.0\bin\;C:\Users\seekerscloud\AppData\Local\Microsoft\WindowsApps;C:\Users\seekerscloud\AppData\Roaming\npm;;C:\Program Files\JetBrains\IntelliJ IDEA 2022.2\bin;
USERNAME=seekerscloud
OS=Windows_NT
PROCESSOR_IDENTIFIER=Intel64 Family 6 Model 61 Stepping 4, GenuineIntel



---------------  S Y S T E M  ---------------

OS: Windows 10.0 , 64 bit Build 19041 (10.0.19041.1889)

CPU:total 4 (initial active 4) (2 cores per cpu, 2 threads per core) family 6 model 61 stepping 4, cmov, cx8, fxsr, mmx, sse, sse2, sse3, ssse3, sse4.1, sse4.2, popcnt, avx, avx2, aes, clmul, erms, 3dnowpref, lzcnt, ht, tsc, tscinvbit, bmi1, bmi2, adx

Memory: 4k page, physical 8318032k(998004k free), swap 10415184k(4088k free)

vm_info: Java HotSpot(TM) 64-Bit Server VM (25.271-b09) for windows-amd64 JRE (1.8.0_271-b09), built on Sep 16 2020 19:14:59 by "" with MS VC++ 15.9 (VS2017)

time: Tue Sep 13 20:57:21 2022
timezone: Pacific Daylight Time
elapsed time: 2.521779 seconds (0d 0h 0m 2s)

