#
# There is insufficient memory for the Java Runtime Environment to continue.
# Native memory allocation (malloc) failed to allocate 32744 bytes for ChunkPool::allocate
# Possible reasons:
#   The system is out of physical RAM or swap space
#   The process is running with CompressedOops enabled, and the Java Heap may be blocking the growth of the native heap
# Possible solutions:
#   Reduce memory load on the system
#   Increase physical memory or swap space
#   Check if swap backing store is full
#   Decrease Java heap size (-Xmx/-Xms)
#   Decrease number of Java threads
#   Decrease Java thread stack sizes (-Xss)
#   Set larger code cache with -XX:ReservedCodeCacheSize=
#   JVM is running with Unscaled Compressed Oops mode in which the Java heap is
#     placed in the first 4GB address space. The Java Heap base address is the
#     maximum limit for the native heap growth. Please use -XX:HeapBaseMinAddress
#     to set the Java Heap base and to place the Java Heap above 4GB virtual address.
# This output file may be truncated or incomplete.
#
#  Out of Memory Error (allocation.cpp:272), pid=9424, tid=0x0000000000002430
#
# JRE version: Java(TM) SE Runtime Environment (8.0_271-b09) (build 1.8.0_271-b09)
# Java VM: Java HotSpot(TM) 64-Bit Server VM (25.271-b09 mixed mode windows-amd64 compressed oops)
# Failed to write core dump. Minidumps are not enabled by default on client versions of Windows
#

---------------  T H R E A D  ---------------

Current thread (0x000001b0dc54c800):  JavaThread "C2 CompilerThread0" daemon [_thread_in_native, id=9264, stack(0x0000005d69600000,0x0000005d69700000)]

Stack: [0x0000005d69600000,0x0000005d69700000]
Native frames: (J=compiled Java code, j=interpreted, Vv=VM code, C=native code)
V  [jvm.dll+0x33f6c9]
V  [jvm.dll+0x286122]
V  [jvm.dll+0x286dcd]
V  [jvm.dll+0x27d805]
V  [jvm.dll+0xe5bed]
V  [jvm.dll+0xe5f4c]
V  [jvm.dll+0x4c20b6]
V  [jvm.dll+0x4c2266]
V  [jvm.dll+0x4c678f]
V  [jvm.dll+0x4c6f17]
V  [jvm.dll+0x4c5cfe]
V  [jvm.dll+0x450a2e]
V  [jvm.dll+0x44ffe5]
V  [jvm.dll+0x43aef7]
V  [jvm.dll+0xbc3eb]
V  [jvm.dll+0xbaa4b]
V  [jvm.dll+0x24e7c2]
V  [jvm.dll+0x2a2dcc]
C  [ucrtbase.dll+0x21bb2]
C  [KERNEL32.DLL+0x17034]
C  [ntdll.dll+0x52651]


Current CompileTask:
C2:  12656 1101       4       java.io.DataInputStream::readUTF (501 bytes)


---------------  P R O C E S S  ---------------

Java Threads: ( => current thread )
  0x000001b0e1d4c000 JavaThread "Unknown thread" [_thread_blocked, id=10428, stack(0x0000005d6a600000,0x0000005d6a700000)]
  0x000001b0e1973000 JavaThread "Unknown thread" [_thread_blocked, id=4168, stack(0x0000005d6a100000,0x0000005d6a200000)]
  0x000001b0dd4a1000 JavaThread "Unknown thread" [_thread_blocked, id=7612, stack(0x0000005d6a200000,0x0000005d6a300000)]
  0x000001b0dd42b800 JavaThread "Unknown thread" [_thread_blocked, id=8872, stack(0x0000005d69d00000,0x0000005d69e00000)]
  0x000001b0dd428000 JavaThread "Unknown thread" [_thread_blocked, id=3044, stack(0x0000005d69c00000,0x0000005d69d00000)]
  0x000001b0dd262000 JavaThread "Unknown thread" [_thread_blocked, id=9032, stack(0x0000005d69b00000,0x0000005d69c00000)]
  0x000001b0dd0b0800 JavaThread "Unknown thread" [_thread_blocked, id=7928, stack(0x0000005d69900000,0x0000005d69a00000)]
  0x000001b0dc5ff800 JavaThread "Unknown thread" [_thread_blocked, id=4184, stack(0x0000005d69800000,0x0000005d69900000)]
  0x000001b0dc5fd800 JavaThread "Unknown thread" [_thread_blocked, id=6300, stack(0x0000005d69700000,0x0000005d69800000)]
=>0x000001b0dc54c800 JavaThread "Unknown thread" [_thread_in_native, id=9264, stack(0x0000005d69600000,0x0000005d69700000)]
  0x000001b0dc523000 JavaThread "Unknown thread" [_thread_in_native, id=10112, stack(0x0000005d69500000,0x0000005d69600000)]
  0x000001b0dc4fe000 JavaThread "Unknown thread" [_thread_blocked, id=11508, stack(0x0000005d69400000,0x0000005d69500000)]
  0x000001b0dc4fd000 JavaThread "Unknown thread" [_thread_blocked, id=4072, stack(0x0000005d69300000,0x0000005d69400000)]
  0x000001b0dbdac800 JavaThread "Unknown thread" [_thread_blocked, id=11856, stack(0x0000005d69200000,0x0000005d69300000)]
  0x000001b0dbda7800 JavaThread "Unknown thread" [_thread_blocked, id=8636, stack(0x0000005d69100000,0x0000005d69200000)]
  0x000001b0c5d58800 JavaThread "Unknown thread" [_thread_blocked, id=7740, stack(0x0000005d68b00000,0x0000005d68c00000)]

Other Threads:
  0x000001b0dc4b3000 VMThread [stack: 0x0000005d69000000,0x0000005d69100000] [id=9116]
  0x000001b0dd0fd000 WatcherThread [stack: 0x0000005d69a00000,0x0000005d69b00000] [id=7652]

VM state:at safepoint (normal execution)

VM Mutex/Monitor currently owned by a thread:  ([mutex/lock_event])
[0x000001b0c5d53e10] Threads_lock - owner thread: 0x000001b0dc4b3000
[0x000001b0c5d555a0] Heap_lock - owner thread: 0x000001b0dd42b800
[0x000001b0c5d56120] MethodData_lock - owner thread: 0x000001b0dc5ff800

heap address: 0x0000000081000000, size: 2032 MB, Compressed Oops mode: 32-bit
Narrow klass base: 0x0000000000000000, Narrow klass shift: 3
Compressed class space size: 1073741824 Address: 0x0000000100000000

Heap:
 PSYoungGen      total 38400K, used 4482K [0x00000000d5b00000, 0x00000000d8580000, 0x0000000100000000)
  eden space 33280K, 0% used [0x00000000d5b00000,0x00000000d5b00000,0x00000000d7b80000)
  from space 5120K, 87% used [0x00000000d8080000,0x00000000d84e0ab0,0x00000000d8580000)
  to   space 5120K, 0% used [0x00000000d7b80000,0x00000000d7b80000,0x00000000d8080000)
 ParOldGen       total 87552K, used 88K [0x0000000081000000, 0x0000000086580000, 0x00000000d5b00000)
  object space 87552K, 0% used [0x0000000081000000,0x0000000081016010,0x0000000086580000)
 Metaspace       used 15297K, capacity 15834K, committed 15872K, reserved 1069056K
  class space    used 2088K, capacity 2296K, committed 2304K, reserved 1048576K

Card table byte_map: [0x000001b0d6a50000,0x000001b0d6e50000] byte_map_base: 0x000001b0d6648000

Marking Bits: (ParMarkBitMap*) 0x000000006c9f7fe0
 Begin Bits: [0x000001b0d7100000, 0x000001b0d90c0000)
 End Bits:   [0x000001b0d90c0000, 0x000001b0db080000)

Polling page: 0x000001b0c5cd0000

CodeCache: size=245760Kb used=4081Kb max_used=4081Kb free=241678Kb
 bounds [0x000001b0c7690000, 0x000001b0c7a90000, 0x000001b0d6690000]
 total_blobs=1768 nmethods=1154 adapters=526
 compilation: enabled

Compilation events (10 events):
Event: 11.228 Thread 0x000001b0dc5ff800 1118       3       java.lang.invoke.MethodHandles$Lookup::getDirectMethodCommon (271 bytes)
Event: 11.231 Thread 0x000001b0dc5ff800 nmethod 1118 0x000001b0c7a72250 code [0x000001b0c7a72560, 0x000001b0c7a73fe0]
Event: 11.232 Thread 0x000001b0dc5ff800 1119       3       java.lang.invoke.MethodHandles$Lookup::checkMethod (83 bytes)
Event: 11.234 Thread 0x000001b0dc5ff800 nmethod 1119 0x000001b0c7a748d0 code [0x000001b0c7a74aa0, 0x000001b0c7a754e0]
Event: 11.234 Thread 0x000001b0dc5ff800 1121       3       java.lang.invoke.MethodHandles$Lookup::maybeBindCaller (44 bytes)
Event: 11.236 Thread 0x000001b0dc5ff800 nmethod 1121 0x000001b0c7a75850 code [0x000001b0c7a75a20, 0x000001b0c7a763a0]
Event: 11.236 Thread 0x000001b0dc5ff800 1124       3       java.time.LocalTime::ofNanoOfDay (68 bytes)
Event: 11.237 Thread 0x000001b0dc5ff800 nmethod 1124 0x000001b0c7a76750 code [0x000001b0c7a76940, 0x000001b0c7a77460]
Event: 11.237 Thread 0x000001b0dc5ff800 1125       3       java.time.LocalTime::create (26 bytes)
Event: 11.238 Thread 0x000001b0dc5ff800 nmethod 1125 0x000001b0c7a77a90 code [0x000001b0c7a77c00, 0x000001b0c7a77ed8]

GC Heap History (2 events):
Event: 10.449 GC heap before
{Heap before GC invocations=1 (full 0):
 PSYoungGen      total 38400K, used 33280K [0x00000000d5b00000, 0x00000000d8580000, 0x0000000100000000)
  eden space 33280K, 100% used [0x00000000d5b00000,0x00000000d7b80000,0x00000000d7b80000)
  from space 5120K, 0% used [0x00000000d8080000,0x00000000d8080000,0x00000000d8580000)
  to   space 5120K, 0% used [0x00000000d7b80000,0x00000000d7b80000,0x00000000d8080000)
 ParOldGen       total 87552K, used 0K [0x0000000081000000, 0x0000000086580000, 0x00000000d5b00000)
  object space 87552K, 0% used [0x0000000081000000,0x0000000081000000,0x0000000086580000)
 Metaspace       used 13483K, capacity 13982K, committed 14080K, reserved 1060864K
  class space    used 1799K, capacity 1964K, committed 2048K, reserved 1048576K
Event: 10.460 GC heap after
Heap after GC invocations=1 (full 0):
 PSYoungGen      total 38400K, used 3936K [0x00000000d5b00000, 0x00000000d8580000, 0x0000000100000000)
  eden space 33280K, 0% used [0x00000000d5b00000,0x00000000d5b00000,0x00000000d7b80000)
  from space 5120K, 76% used [0x00000000d7b80000,0x00000000d7f58040,0x00000000d8080000)
  to   space 5120K, 0% used [0x00000000d8080000,0x00000000d8080000,0x00000000d8580000)
 ParOldGen       total 87552K, used 80K [0x0000000081000000, 0x0000000086580000, 0x00000000d5b00000)
  object space 87552K, 0% used [0x0000000081000000,0x0000000081014010,0x0000000086580000)
 Metaspace       used 13483K, capacity 13982K, committed 14080K, reserved 1060864K
  class space    used 1799K, capacity 1964K, committed 2048K, reserved 1048576K
}

Deoptimization events (10 events):
Event: 10.245 Thread 0x000001b0dd42b800 Uncommon trap: reason=class_check action=maybe_recompile pc=0x000001b0c794fa20 method=java.io.DataInputStream.readShort()S @ 4
Event: 10.245 Thread 0x000001b0dd42b800 Uncommon trap: reason=class_check action=maybe_recompile pc=0x000001b0c794fa20 method=java.io.DataInputStream.readShort()S @ 4
Event: 10.245 Thread 0x000001b0dd42b800 Uncommon trap: reason=class_check action=maybe_recompile pc=0x000001b0c794fa20 method=java.io.DataInputStream.readShort()S @ 4
Event: 10.245 Thread 0x000001b0dd42b800 Uncommon trap: reason=class_check action=maybe_recompile pc=0x000001b0c794fa20 method=java.io.DataInputStream.readShort()S @ 4
Event: 10.275 Thread 0x000001b0dd42b800 Uncommon trap: reason=class_check action=maybe_recompile pc=0x000001b0c783b4e8 method=java.lang.String.equals(Ljava/lang/Object;)Z @ 8
Event: 10.275 Thread 0x000001b0dd42b800 Uncommon trap: reason=class_check action=maybe_recompile pc=0x000001b0c783b4e8 method=java.lang.String.equals(Ljava/lang/Object;)Z @ 8
Event: 10.275 Thread 0x000001b0dd42b800 Uncommon trap: reason=class_check action=maybe_recompile pc=0x000001b0c783b4e8 method=java.lang.String.equals(Ljava/lang/Object;)Z @ 8
Event: 10.278 Thread 0x000001b0dd42b800 Uncommon trap: reason=class_check action=maybe_recompile pc=0x000001b0c783b4e8 method=java.lang.String.equals(Ljava/lang/Object;)Z @ 8
Event: 10.468 Thread 0x000001b0dd42b800 Uncommon trap: reason=unstable_if action=reinterpret pc=0x000001b0c79e1124 method=java.lang.String.regionMatches(ZILjava/lang/String;II)Z @ 123
Event: 10.766 Thread 0x000001b0dd42b800 Uncommon trap: reason=unstable_if action=reinterpret pc=0x000001b0c79422ec method=sun.net.www.ParseUtil.encodePath(Ljava/lang/String;Z)Ljava/lang/String; @ 109

Classes redefined (0 events):
No events

Internal exceptions (10 events):
Event: 1.385 Thread 0x000001b0c5d58800 Exception <a 'java/security/PrivilegedActionException'> (0x00000000d5f987c0) thrown at [C:\jenkins\workspace\8-2-build-windows-amd64-cygwin\jdk8u271\605\hotspot\src\share\vm\prims\jvm.cpp, line 1512]
Event: 1.386 Thread 0x000001b0c5d58800 Exception <a 'java/lang/NullPointerException'> (0x00000000d5f991c8) thrown at [C:\jenkins\workspace\8-2-build-windows-amd64-cygwin\jdk8u271\605\hotspot\src\share\vm\interpreter\linkResolver.cpp, line 1185]
Event: 2.598 Thread 0x000001b0c5d58800 Implicit null exception at 0x000001b0c77aa055 to 0x000001b0c77aa229
Event: 8.708 Thread 0x000001b0dd42b800 Exception <a 'java/lang/NullPointerException'> (0x00000000d6e85f10) thrown at [C:\jenkins\workspace\8-2-build-windows-amd64-cygwin\jdk8u271\605\hotspot\src\share\vm\interpreter\linkResolver.cpp, line 1185]
Event: 8.708 Thread 0x000001b0dd42b800 Exception <a 'java/lang/NullPointerException'> (0x00000000d6e85f10) thrown at [C:\jenkins\workspace\8-2-build-windows-amd64-cygwin\jdk8u271\605\hotspot\src\share\vm\prims\jvm.cpp, line 1516]
Event: 9.593 Thread 0x000001b0dd42b800 Exception <a 'java/lang/ArrayIndexOutOfBoundsException'> (0x00000000d7594d20) thrown at [C:\jenkins\workspace\8-2-build-windows-amd64-cygwin\jdk8u271\605\hotspot\src\share\vm\runtime\sharedRuntime.cpp, line 609]
Event: 9.593 Thread 0x000001b0dd42b800 Exception <a 'java/lang/ArrayIndexOutOfBoundsException'> (0x00000000d75972f0) thrown at [C:\jenkins\workspace\8-2-build-windows-amd64-cygwin\jdk8u271\605\hotspot\src\share\vm\runtime\sharedRuntime.cpp, line 609]
Event: 9.594 Thread 0x000001b0dd42b800 Exception <a 'java/lang/ArrayIndexOutOfBoundsException'> (0x00000000d7599198) thrown at [C:\jenkins\workspace\8-2-build-windows-amd64-cygwin\jdk8u271\605\hotspot\src\share\vm\runtime\sharedRuntime.cpp, line 609]
Event: 9.991 Thread 0x000001b0dd42b800 Implicit null exception at 0x000001b0c79b33f5 to 0x000001b0c79b3611
Event: 9.993 Thread 0x000001b0dd42b800 Implicit null exception at 0x000001b0c794862f to 0x000001b0c7948699

Events (10 events):
Event: 11.236 loading class java/time/LocalTime$1
Event: 11.236 loading class java/time/LocalTime$1 done
Event: 11.236 loading class com/sun/javafx/tk/TKPulseListener
Event: 11.236 loading class com/sun/javafx/tk/TKPulseListener done
Event: 11.237 loading class com/sun/javafx/tk/TKPulseListener
Event: 11.237 loading class com/sun/javafx/tk/TKPulseListener done
Event: 11.237 loading class com/sun/javafx/scene/traversal/TabOrderHelper
Event: 11.237 loading class com/sun/javafx/scene/traversal/TabOrderHelper done
Event: 11.238 loading class com/jfoenix/controls/JFXRippler$RippleGenerator$OverLayRipple
Event: 11.238 loading class com/jfoenix/controls/JFXRippler$RippleGenerator$OverLayRipple done


Dynamic libraries:
0x00007ff7da580000 - 0x00007ff7da5c7000 	D:\Program Files\Java\jdk1.8.0_271\bin\java.exe
0x00007ffa85f30000 - 0x00007ffa86128000 	C:\WINDOWS\SYSTEM32\ntdll.dll
0x00007ffa84880000 - 0x00007ffa8493d000 	C:\WINDOWS\System32\KERNEL32.DLL
0x00007ffa83b90000 - 0x00007ffa83e5e000 	C:\WINDOWS\System32\KERNELBASE.dll
0x00007ffa85540000 - 0x00007ffa855ee000 	C:\WINDOWS\System32\ADVAPI32.dll
0x00007ffa83f90000 - 0x00007ffa8402e000 	C:\WINDOWS\System32\msvcrt.dll
0x00007ffa85420000 - 0x00007ffa854bc000 	C:\WINDOWS\System32\sechost.dll
0x00007ffa84400000 - 0x00007ffa84525000 	C:\WINDOWS\System32\RPCRT4.dll
0x00007ffa84970000 - 0x00007ffa84b10000 	C:\WINDOWS\System32\USER32.dll
0x00007ffa83f60000 - 0x00007ffa83f82000 	C:\WINDOWS\System32\win32u.dll
0x00007ffa84940000 - 0x00007ffa8496a000 	C:\WINDOWS\System32\GDI32.dll
0x00007ffa83a80000 - 0x00007ffa83b8b000 	C:\WINDOWS\System32\gdi32full.dll
0x00007ffa838e0000 - 0x00007ffa8397d000 	C:\WINDOWS\System32\msvcp_win.dll
0x00007ffa83650000 - 0x00007ffa83750000 	C:\WINDOWS\System32\ucrtbase.dll
0x00007ffa74f70000 - 0x00007ffa7520a000 	C:\WINDOWS\WinSxS\amd64_microsoft.windows.common-controls_6595b64144ccf1df_6.0.19041.1110_none_60b5254171f9507e\COMCTL32.dll
0x00007ffa85310000 - 0x00007ffa85340000 	C:\WINDOWS\System32\IMM32.DLL
0x00007ffa7d270000 - 0x00007ffa7d285000 	D:\Program Files\Java\jdk1.8.0_271\jre\bin\vcruntime140.dll
0x00007ffa723f0000 - 0x00007ffa7248b000 	D:\Program Files\Java\jdk1.8.0_271\jre\bin\msvcp140.dll
0x000000006c200000 - 0x000000006ca6f000 	D:\Program Files\Java\jdk1.8.0_271\jre\bin\server\jvm.dll
0x00007ffa854d0000 - 0x00007ffa854d8000 	C:\WINDOWS\System32\PSAPI.DLL
0x00007ffa7f070000 - 0x00007ffa7f079000 	C:\WINDOWS\SYSTEM32\WSOCK32.dll
0x00007ffa6ec50000 - 0x00007ffa6ec77000 	C:\WINDOWS\SYSTEM32\WINMM.dll
0x00007ffa85cd0000 - 0x00007ffa85d3b000 	C:\WINDOWS\System32\WS2_32.dll
0x00007ffa72e90000 - 0x00007ffa72e9a000 	C:\WINDOWS\SYSTEM32\VERSION.dll
0x00007ffa81550000 - 0x00007ffa81562000 	C:\WINDOWS\SYSTEM32\kernel.appcore.dll
0x00007ffa7f080000 - 0x00007ffa7f090000 	D:\Program Files\Java\jdk1.8.0_271\jre\bin\verify.dll
0x00007ffa758d0000 - 0x00007ffa758fb000 	D:\Program Files\Java\jdk1.8.0_271\jre\bin\java.dll
0x00007ffa723c0000 - 0x00007ffa723f0000 	D:\Program Files\Java\jdk1.8.0_271\jre\bin\instrument.dll
0x00007ffa7cb20000 - 0x00007ffa7cb38000 	D:\Program Files\Java\jdk1.8.0_271\jre\bin\zip.dll
0x00007ffa84b10000 - 0x00007ffa85254000 	C:\WINDOWS\System32\SHELL32.dll
0x00007ffa81750000 - 0x00007ffa81ee4000 	C:\WINDOWS\SYSTEM32\windows.storage.dll
0x00007ffa84040000 - 0x00007ffa84394000 	C:\WINDOWS\System32\combase.dll
0x00007ffa82fe0000 - 0x00007ffa83010000 	C:\WINDOWS\SYSTEM32\Wldp.dll
0x00007ffa85680000 - 0x00007ffa8572d000 	C:\WINDOWS\System32\SHCORE.dll
0x00007ffa84530000 - 0x00007ffa84585000 	C:\WINDOWS\System32\shlwapi.dll
0x00007ffa83590000 - 0x00007ffa835af000 	C:\WINDOWS\SYSTEM32\profapi.dll
0x00007ffa724d0000 - 0x00007ffa724ea000 	C:\Program Files\JetBrains\IntelliJ IDEA 2022.2\bin\breakgen64.dll
0x00007ffa72510000 - 0x00007ffa7252c000 	D:\Program Files\Java\jdk1.8.0_271\jre\bin\net.dll
0x00007ffa82d40000 - 0x00007ffa82daa000 	C:\WINDOWS\system32\mswsock.dll
0x000001b0dd4b0000 - 0x000001b0dd4b3000 	D:\Program Files\Java\jdk1.8.0_271\jre\bin\api-ms-win-core-console-l1-1-0.dll
0x000001b0dd4c0000 - 0x000001b0dd4c3000 	D:\Program Files\Java\jdk1.8.0_271\jre\bin\api-ms-win-core-console-l1-2-0.dll
0x000001b0dd4d0000 - 0x000001b0dd4d3000 	D:\Program Files\Java\jdk1.8.0_271\jre\bin\api-ms-win-core-datetime-l1-1-0.dll
0x000001b0dd4e0000 - 0x000001b0dd4e3000 	D:\Program Files\Java\jdk1.8.0_271\jre\bin\api-ms-win-core-debug-l1-1-0.dll
0x000001b0dd4f0000 - 0x000001b0dd4f3000 	D:\Program Files\Java\jdk1.8.0_271\jre\bin\api-ms-win-core-errorhandling-l1-1-0.dll
0x000001b0dd500000 - 0x000001b0dd504000 	D:\Program Files\Java\jdk1.8.0_271\jre\bin\api-ms-win-core-file-l1-1-0.dll
0x000001b0dd510000 - 0x000001b0dd513000 	D:\Program Files\Java\jdk1.8.0_271\jre\bin\api-ms-win-core-file-l1-2-0.dll
0x000001b0dd520000 - 0x000001b0dd523000 	D:\Program Files\Java\jdk1.8.0_271\jre\bin\api-ms-win-core-file-l2-1-0.dll
0x000001b0dd530000 - 0x000001b0dd533000 	D:\Program Files\Java\jdk1.8.0_271\jre\bin\api-ms-win-core-handle-l1-1-0.dll
0x000001b0dd540000 - 0x000001b0dd543000 	D:\Program Files\Java\jdk1.8.0_271\jre\bin\api-ms-win-core-heap-l1-1-0.dll
0x000001b0dd550000 - 0x000001b0dd553000 	D:\Program Files\Java\jdk1.8.0_271\jre\bin\api-ms-win-core-interlocked-l1-1-0.dll
0x000001b0dd560000 - 0x000001b0dd563000 	D:\Program Files\Java\jdk1.8.0_271\jre\bin\api-ms-win-core-libraryloader-l1-1-0.dll
0x000001b0dd570000 - 0x000001b0dd573000 	D:\Program Files\Java\jdk1.8.0_271\jre\bin\api-ms-win-core-localization-l1-2-0.dll
0x000001b0dd580000 - 0x000001b0dd583000 	D:\Program Files\Java\jdk1.8.0_271\jre\bin\api-ms-win-core-memory-l1-1-0.dll
0x000001b0dd590000 - 0x000001b0dd593000 	D:\Program Files\Java\jdk1.8.0_271\jre\bin\api-ms-win-core-namedpipe-l1-1-0.dll
0x000001b0dd5a0000 - 0x000001b0dd5a3000 	D:\Program Files\Java\jdk1.8.0_271\jre\bin\api-ms-win-core-processenvironment-l1-1-0.dll
0x000001b0dd5b0000 - 0x000001b0dd5b3000 	D:\Program Files\Java\jdk1.8.0_271\jre\bin\api-ms-win-core-processthreads-l1-1-0.dll
0x000001b0dd5c0000 - 0x000001b0dd5c3000 	D:\Program Files\Java\jdk1.8.0_271\jre\bin\api-ms-win-core-processthreads-l1-1-1.dll
0x000001b0dd5d0000 - 0x000001b0dd5d3000 	D:\Program Files\Java\jdk1.8.0_271\jre\bin\api-ms-win-core-profile-l1-1-0.dll
0x000001b0dd5e0000 - 0x000001b0dd5e3000 	D:\Program Files\Java\jdk1.8.0_271\jre\bin\api-ms-win-core-rtlsupport-l1-1-0.dll
0x000001b0dd5f0000 - 0x000001b0dd5f3000 	D:\Program Files\Java\jdk1.8.0_271\jre\bin\api-ms-win-core-string-l1-1-0.dll
0x000001b0dd600000 - 0x000001b0dd603000 	D:\Program Files\Java\jdk1.8.0_271\jre\bin\api-ms-win-core-synch-l1-1-0.dll
0x000001b0dd610000 - 0x000001b0dd613000 	D:\Program Files\Java\jdk1.8.0_271\jre\bin\api-ms-win-core-synch-l1-2-0.dll
0x000001b0dd620000 - 0x000001b0dd623000 	D:\Program Files\Java\jdk1.8.0_271\jre\bin\api-ms-win-core-sysinfo-l1-1-0.dll
0x000001b0dd630000 - 0x000001b0dd633000 	D:\Program Files\Java\jdk1.8.0_271\jre\bin\api-ms-win-core-timezone-l1-1-0.dll
0x000001b0dd640000 - 0x000001b0dd643000 	D:\Program Files\Java\jdk1.8.0_271\jre\bin\api-ms-win-core-util-l1-1-0.dll
0x000001b0dd670000 - 0x000001b0dd673000 	D:\Program Files\Java\jdk1.8.0_271\jre\bin\api-ms-win-crt-conio-l1-1-0.dll
0x000001b0dd650000 - 0x000001b0dd654000 	D:\Program Files\Java\jdk1.8.0_271\jre\bin\api-ms-win-crt-convert-l1-1-0.dll
0x000001b0dd690000 - 0x000001b0dd693000 	D:\Program Files\Java\jdk1.8.0_271\jre\bin\api-ms-win-crt-environment-l1-1-0.dll
0x000001b0dd660000 - 0x000001b0dd663000 	D:\Program Files\Java\jdk1.8.0_271\jre\bin\api-ms-win-crt-filesystem-l1-1-0.dll
0x000001b0dd680000 - 0x000001b0dd683000 	D:\Program Files\Java\jdk1.8.0_271\jre\bin\api-ms-win-crt-heap-l1-1-0.dll
0x000001b0dd6c0000 - 0x000001b0dd6c3000 	D:\Program Files\Java\jdk1.8.0_271\jre\bin\api-ms-win-crt-locale-l1-1-0.dll
0x000001b0dd6a0000 - 0x000001b0dd6a5000 	D:\Program Files\Java\jdk1.8.0_271\jre\bin\api-ms-win-crt-math-l1-1-0.dll
0x000001b0dd6b0000 - 0x000001b0dd6b5000 	D:\Program Files\Java\jdk1.8.0_271\jre\bin\api-ms-win-crt-multibyte-l1-1-0.dll
0x000001b0dd6d0000 - 0x000001b0dd6e0000 	D:\Program Files\Java\jdk1.8.0_271\jre\bin\api-ms-win-crt-private-l1-1-0.dll
0x000001b0dd6e0000 - 0x000001b0dd6e3000 	D:\Program Files\Java\jdk1.8.0_271\jre\bin\api-ms-win-crt-process-l1-1-0.dll
0x000001b0dd6f0000 - 0x000001b0dd6f4000 	D:\Program Files\Java\jdk1.8.0_271\jre\bin\api-ms-win-crt-runtime-l1-1-0.dll
0x000001b0dd700000 - 0x000001b0dd704000 	D:\Program Files\Java\jdk1.8.0_271\jre\bin\api-ms-win-crt-stdio-l1-1-0.dll
0x000001b0dd710000 - 0x000001b0dd714000 	D:\Program Files\Java\jdk1.8.0_271\jre\bin\api-ms-win-crt-string-l1-1-0.dll
0x000001b0dd720000 - 0x000001b0dd723000 	D:\Program Files\Java\jdk1.8.0_271\jre\bin\api-ms-win-crt-time-l1-1-0.dll
0x000001b0dd730000 - 0x000001b0dd733000 	D:\Program Files\Java\jdk1.8.0_271\jre\bin\api-ms-win-crt-utility-l1-1-0.dll
0x00007ffa6c9a0000 - 0x00007ffa6ca9a000 	D:\Program Files\Java\jdk1.8.0_271\jre\bin\ucrtbase.dll
0x00007ffa6f420000 - 0x00007ffa6f42c000 	C:\Windows\System32\vcruntime140_1.dll
0x00007ffa72320000 - 0x00007ffa72343000 	D:\Program Files\Java\jdk1.8.0_271\jre\bin\prism_d3d.dll
0x00007ffa4d5e0000 - 0x00007ffa4d7af000 	C:\WINDOWS\system32\d3d9.dll
0x00007ffa81340000 - 0x00007ffa8136f000 	C:\WINDOWS\SYSTEM32\dwmapi.dll
0x00007ffa81070000 - 0x00007ffa8110e000 	C:\WINDOWS\system32\uxtheme.dll
0x00007ffa266a0000 - 0x00007ffa28bdd000 	C:\WINDOWS\SYSTEM32\igdumdim64.dll
0x00007ffa846d0000 - 0x00007ffa8479d000 	C:\WINDOWS\System32\OLEAUT32.dll
0x00007ffa85ba0000 - 0x00007ffa85cca000 	C:\WINDOWS\System32\ole32.dll
0x00007ffa85730000 - 0x00007ffa85b9f000 	C:\WINDOWS\System32\SETUPAPI.dll
0x00007ffa83e60000 - 0x00007ffa83eae000 	C:\WINDOWS\System32\cfgmgr32.dll
0x00007ffa83750000 - 0x00007ffa83777000 	C:\WINDOWS\System32\bcrypt.dll
0x00007ffa722d0000 - 0x00007ffa72315000 	D:\Program Files\Java\jdk1.8.0_271\jre\bin\glass.dll
0x00007ffa85340000 - 0x00007ffa8541a000 	C:\WINDOWS\System32\COMDLG32.dll
0x00007ffa84590000 - 0x00007ffa846a5000 	C:\WINDOWS\System32\MSCTF.dll
0x00007ffa83980000 - 0x00007ffa83a02000 	C:\WINDOWS\System32\bcryptPrimitives.dll
0x00007ffa76a90000 - 0x00007ffa774cf000 	C:\WINDOWS\SYSTEM32\igdusc64.dll
0x00007ffa793a0000 - 0x00007ffa793db000 	C:\WINDOWS\SYSTEM32\dxcore.dll
0x00007ffa722b0000 - 0x00007ffa722c4000 	D:\Program Files\Java\jdk1.8.0_271\jre\bin\javafx_font.dll
0x00007ffa69b30000 - 0x00007ffa69daf000 	C:\WINDOWS\SYSTEM32\dwrite.dll
0x00007ffa85260000 - 0x00007ffa85309000 	C:\WINDOWS\System32\clbcatq.dll
0x00007ffa7b050000 - 0x00007ffa7b204000 	C:\WINDOWS\SYSTEM32\WindowsCodecs.dll
0x00007ffa6de50000 - 0x00007ffa6de8e000 	C:\WINDOWS\system32\dataexchange.dll
0x00007ffa7f8a0000 - 0x00007ffa7fb03000 	C:\WINDOWS\system32\d3d11.dll
0x00007ffa804a0000 - 0x00007ffa80684000 	C:\WINDOWS\system32\dcomp.dll
0x00007ffa81f50000 - 0x00007ffa82043000 	C:\WINDOWS\system32\dxgi.dll
0x00007ffa7cdf0000 - 0x00007ffa7cff0000 	C:\WINDOWS\system32\twinapi.appcore.dll
0x00007ffa72530000 - 0x00007ffa72564000 	C:\Program Files\Common Files\Microsoft Shared\Ink\rtscom.dll
0x00007ffa75470000 - 0x00007ffa75569000 	C:\WINDOWS\SYSTEM32\textinputframework.dll
0x00007ffa80ec0000 - 0x00007ffa80fb2000 	C:\WINDOWS\System32\CoreMessaging.dll
0x00007ffa80b60000 - 0x00007ffa80ebe000 	C:\WINDOWS\System32\CoreUIComponents.dll
0x00007ffa80920000 - 0x00007ffa80a74000 	C:\WINDOWS\SYSTEM32\wintypes.dll
0x00007ffa82350000 - 0x00007ffa82383000 	C:\WINDOWS\SYSTEM32\ntmarta.dll
0x00007ffa63440000 - 0x00007ffa63735000 	C:\WINDOWS\SYSTEM32\UIAutomationCore.DLL
0x00007ffa7f770000 - 0x00007ffa7f866000 	C:\WINDOWS\SYSTEM32\PROPSYS.dll
0x00007ffa71950000 - 0x00007ffa719cd000 	C:\Windows\System32\OneCoreCommonProxyStub.dll
0x00007ffa6ed20000 - 0x00007ffa6ef04000 	C:\WINDOWS\SYSTEM32\dbghelp.dll

VM Arguments:
jvm_args: -javaagent:C:\Program Files\JetBrains\IntelliJ IDEA 2022.2\lib\idea_rt.jar=60426:C:\Program Files\JetBrains\IntelliJ IDEA 2022.2\bin -Dfile.encoding=UTF-8 
java_command: com.seekerscloud.pos.AppInitializer
java_class_path (initial): D:\Program Files\Java\jdk1.8.0_271\jre\lib\charsets.jar;D:\Program Files\Java\jdk1.8.0_271\jre\lib\deploy.jar;D:\Program Files\Java\jdk1.8.0_271\jre\lib\ext\access-bridge-64.jar;D:\Program Files\Java\jdk1.8.0_271\jre\lib\ext\cldrdata.jar;D:\Program Files\Java\jdk1.8.0_271\jre\lib\ext\dnsns.jar;D:\Program Files\Java\jdk1.8.0_271\jre\lib\ext\jaccess.jar;D:\Program Files\Java\jdk1.8.0_271\jre\lib\ext\jfxrt.jar;D:\Program Files\Java\jdk1.8.0_271\jre\lib\ext\localedata.jar;D:\Program Files\Java\jdk1.8.0_271\jre\lib\ext\nashorn.jar;D:\Program Files\Java\jdk1.8.0_271\jre\lib\ext\sunec.jar;D:\Program Files\Java\jdk1.8.0_271\jre\lib\ext\sunjce_provider.jar;D:\Program Files\Java\jdk1.8.0_271\jre\lib\ext\sunmscapi.jar;D:\Program Files\Java\jdk1.8.0_271\jre\lib\ext\sunpkcs11.jar;D:\Program Files\Java\jdk1.8.0_271\jre\lib\ext\zipfs.jar;D:\Program Files\Java\jdk1.8.0_271\jre\lib\javaws.jar;D:\Program Files\Java\jdk1.8.0_271\jre\lib\jce.jar;D:\Program Files\Java\jdk1.8.0_271\jre\lib\jfr.jar;D:\Program Files\Java\jdk1.8.0_271\jre\lib\jfxswt.jar;D:\Program Files\Java\jdk1.8.0_271\jre\lib\jsse.jar;D:\Program Files\Java\jdk1.8.0_271\jre\lib\management-agent.jar;D:\Program Files\Java\jdk1.8.0_271\jre\lib\plugin.jar;D:\Program Files\Java\jdk1.8.0_271\jre\lib\resources.jar;D:\Program Files\Java\jdk1.8.0_271\jre\lib\rt.jar;D:\bootcamp\1\se\final-app\Thogakade\out\production\Thogakade;D:\bootcamp\1\se\final-app\Thogakade\lib\jfoenix-8.0.8.jar;C:\Program Files\JetBrains\IntelliJ IDEA 2022.2\lib\idea_rt.jar
Launcher Type: SUN_STANDARD

Environment Variables:
JAVA_HOME=C:\Program Files\Java\jdk-11.0.15
PATH=C:\Program Files\Common Files\Oracle\Java\javapath;C:\Program Files (x86)\Common Files\Oracle\Java\javapath;C:\WINDOWS\system32;C:\WINDOWS;C:\WINDOWS\System32\Wbem;C:\WINDOWS\System32\WindowsPowerShell\v1.0\;C:\WINDOWS\System32\OpenSSH\;D:\Program Files\nodejs;C:\Program Files\Git\cmd;C:\Program Files\PuTTY\;C:\Windows\System32\cmd.exe;C:\Program Files\Java\jdk1.8.0_202\bin;C:\Program Files\MySQL\MySQL Server 8.0\bin;C:\Program Files\MySQL\MySQL Shell 8.0\bin\;C:\Users\seekerscloud\AppData\Local\Microsoft\WindowsApps;C:\Users\seekerscloud\AppData\Roaming\npm;;C:\Program Files\JetBrains\IntelliJ IDEA 2022.2\bin;
USERNAME=seekerscloud
OS=Windows_NT
PROCESSOR_IDENTIFIER=Intel64 Family 6 Model 61 Stepping 4, GenuineIntel



---------------  S Y S T E M  ---------------

OS: Windows 10.0 , 64 bit Build 19041 (10.0.19041.1889)

CPU:total 4 (initial active 4) (2 cores per cpu, 2 threads per core) family 6 model 61 stepping 4, cmov, cx8, fxsr, mmx, sse, sse2, sse3, ssse3, sse4.1, sse4.2, popcnt, avx, avx2, aes, clmul, erms, 3dnowpref, lzcnt, ht, tsc, tscinvbit, bmi1, bmi2, adx

Memory: 4k page, physical 8318032k(1041648k free), swap 10415184k(44720k free)

vm_info: Java HotSpot(TM) 64-Bit Server VM (25.271-b09) for windows-amd64 JRE (1.8.0_271-b09), built on Sep 16 2020 19:14:59 by "" with MS VC++ 15.9 (VS2017)

time: Tue Sep 13 20:56:24 2022
timezone: Pacific Daylight Time
elapsed time: 12.752758 seconds (0d 0h 0m 12s)

