#
# There is insufficient memory for the Java Runtime Environment to continue.
# Native memory allocation (malloc) failed to allocate 32744 bytes for ChunkPool::allocate
# Possible reasons:
#   The system is out of physical RAM or swap space
#   The process is running with CompressedOops enabled, and the Java Heap may be blocking the growth of the native heap
# Possible solutions:
#   Reduce memory load on the system
#   Increase physical memory or swap space
#   Check if swap backing store is full
#   Decrease Java heap size (-Xmx/-Xms)
#   Decrease number of Java threads
#   Decrease Java thread stack sizes (-Xss)
#   Set larger code cache with -XX:ReservedCodeCacheSize=
#   JVM is running with Unscaled Compressed Oops mode in which the Java heap is
#     placed in the first 4GB address space. The Java Heap base address is the
#     maximum limit for the native heap growth. Please use -XX:HeapBaseMinAddress
#     to set the Java Heap base and to place the Java Heap above 4GB virtual address.
# This output file may be truncated or incomplete.
#
#  Out of Memory Error (allocation.cpp:272), pid=10480, tid=0x000000000000297c
#
# JRE version: Java(TM) SE Runtime Environment (8.0_271-b09) (build 1.8.0_271-b09)
# Java VM: Java HotSpot(TM) 64-Bit Server VM (25.271-b09 mixed mode windows-amd64 compressed oops)
# Failed to write core dump. Minidumps are not enabled by default on client versions of Windows
#

---------------  T H R E A D  ---------------

Current thread (0x0000019cece43000):  JavaThread "C2 CompilerThread1" daemon [_thread_in_native, id=10620, stack(0x0000001130b00000,0x0000001130c00000)]

Stack: [0x0000001130b00000,0x0000001130c00000]
Native frames: (J=compiled Java code, j=interpreted, Vv=VM code, C=native code)
V  [jvm.dll+0x33f6c9]


Current CompileTask:
C2:    315   39       4       java.lang.String::equals (81 bytes)


---------------  P R O C E S S  ---------------

Java Threads: ( => current thread )
  0x0000019cecead800 JavaThread "Service Thread" daemon [_thread_blocked, id=3952, stack(0x0000001130d00000,0x0000001130e00000)]
  0x0000019cece71800 JavaThread "C1 CompilerThread2" daemon [_thread_in_native, id=676, stack(0x0000001130c00000,0x0000001130d00000)]
=>0x0000019cece43000 JavaThread "C2 CompilerThread1" daemon [_thread_in_native, id=10620, stack(0x0000001130b00000,0x0000001130c00000)]
  0x0000019cece39000 JavaThread "C2 CompilerThread0" daemon [_thread_blocked, id=9152, stack(0x0000001130a00000,0x0000001130b00000)]
  0x0000019cece37800 JavaThread "Monitor Ctrl-Break" daemon [_thread_in_native, id=9236, stack(0x0000001130900000,0x0000001130a00000)]
  0x0000019cecd98800 JavaThread "Attach Listener" daemon [_thread_blocked, id=8612, stack(0x0000001130800000,0x0000001130900000)]
  0x0000019cecd9f800 JavaThread "Signal Dispatcher" daemon [_thread_blocked, id=7144, stack(0x0000001130700000,0x0000001130800000)]
  0x0000019cec64a800 JavaThread "Finalizer" daemon [_thread_blocked, id=5440, stack(0x0000001130600000,0x0000001130700000)]
  0x0000019cecd75800 JavaThread "Reference Handler" daemon [_thread_blocked, id=11768, stack(0x0000001130500000,0x0000001130600000)]
  0x0000019cd6538000 JavaThread "main" [_thread_in_vm, id=11100, stack(0x000000112ff00000,0x0000001130000000)]

Other Threads:
  0x0000019cecd53800 VMThread [stack: 0x0000001130400000,0x0000001130500000] [id=6164]
  0x0000019ced9b2000 WatcherThread [stack: 0x0000001130e00000,0x0000001130f00000] [id=4184]

VM state:not at safepoint (normal execution)

VM Mutex/Monitor currently owned by a thread: None

heap address: 0x0000000081000000, size: 2032 MB, Compressed Oops mode: 32-bit
Narrow klass base: 0x0000000000000000, Narrow klass shift: 3
Compressed class space size: 1073741824 Address: 0x0000000100000000

Heap:
 PSYoungGen      total 38400K, used 2670K [0x00000000d5b00000, 0x00000000d8580000, 0x0000000100000000)
  eden space 33280K, 8% used [0x00000000d5b00000,0x00000000d5d9b9d0,0x00000000d7b80000)
  from space 5120K, 0% used [0x00000000d8080000,0x00000000d8080000,0x00000000d8580000)
  to   space 5120K, 0% used [0x00000000d7b80000,0x00000000d7b80000,0x00000000d8080000)
 ParOldGen       total 87552K, used 0K [0x0000000081000000, 0x0000000086580000, 0x00000000d5b00000)
  object space 87552K, 0% used [0x0000000081000000,0x0000000081000000,0x0000000086580000)
 Metaspace       used 3191K, capacity 4494K, committed 4864K, reserved 1056768K
  class space    used 349K, capacity 386K, committed 512K, reserved 1048576K

Card table byte_map: [0x0000019ce72f0000,0x0000019ce76f0000] byte_map_base: 0x0000019ce6ee8000

Marking Bits: (ParMarkBitMap*) 0x000000006c9f7fe0
 Begin Bits: [0x0000019ce79a0000, 0x0000019ce9960000)
 End Bits:   [0x0000019ce9960000, 0x0000019ceb920000)

Polling page: 0x0000019cd6730000

CodeCache: size=245760Kb used=1159Kb max_used=1159Kb free=244600Kb
 bounds [0x0000019cd7f30000, 0x0000019cd81a0000, 0x0000019ce6f30000]
 total_blobs=294 nmethods=40 adapters=168
 compilation: enabled

Compilation events (10 events):
Event: 0.307 Thread 0x0000019cece71800 nmethod 32 0x0000019cd804ad10 code [0x0000019cd804aec0, 0x0000019cd804b478]
Event: 0.307 Thread 0x0000019cece71800   33       3       java.lang.CharacterDataLatin1::getProperties (11 bytes)
Event: 0.307 Thread 0x0000019cece71800 nmethod 33 0x0000019cd804b6d0 code [0x0000019cd804b820, 0x0000019cd804b9b8]
Event: 0.308 Thread 0x0000019cece71800   34       3       java.util.HashMap::hash (20 bytes)
Event: 0.308 Thread 0x0000019cece39000 nmethod 28 0x0000019cd804e9d0 code [0x0000019cd804eb20, 0x0000019cd804ee68]
Event: 0.308 Thread 0x0000019cece71800 nmethod 34 0x0000019cd804e550 code [0x0000019cd804e6c0, 0x0000019cd804e910]
Event: 0.308 Thread 0x0000019cece71800   35       3       java.lang.String::endsWith (17 bytes)
Event: 0.309 Thread 0x0000019cece71800 nmethod 35 0x0000019cd804e090 code [0x0000019cd804e200, 0x0000019cd804e430]
Event: 0.309 Thread 0x0000019cece71800   36   !   3       java.io.BufferedReader::readLine (304 bytes)
Event: 0.311 Thread 0x0000019cece43000   39       4       java.lang.String::equals (81 bytes)

GC Heap History (0 events):
No events

Deoptimization events (0 events):
No events

Classes redefined (0 events):
No events

Internal exceptions (2 events):
Event: 0.081 Thread 0x0000019cd6538000 Exception <a 'java/lang/NoSuchMethodError': Method sun.misc.Unsafe.defineClass(Ljava/lang/String;[BII)Ljava/lang/Class; name or signature does not match> (0x00000000d5b07cc0) thrown at [C:\jenkins\workspace\8-2-build-windows-amd64-cygwin\jdk8u271\605\hots
Event: 0.081 Thread 0x0000019cd6538000 Exception <a 'java/lang/NoSuchMethodError': Method sun.misc.Unsafe.prefetchRead(Ljava/lang/Object;J)V name or signature does not match> (0x00000000d5b07fa8) thrown at [C:\jenkins\workspace\8-2-build-windows-amd64-cygwin\jdk8u271\605\hotspot\src\share\vm\p

Events (10 events):
Event: 0.297 loading class sun/nio/cs/SingleByte
Event: 0.297 loading class sun/nio/cs/SingleByte done
Event: 0.297 loading class sun/nio/cs/SingleByte$Decoder
Event: 0.297 loading class sun/nio/cs/SingleByte$Decoder done
Event: 0.298 loading class com/seekerscloud/pos/AppInitializer
Event: 0.298 loading class com/seekerscloud/pos/AppInitializer done
Event: 0.298 loading class sun/misc/URLClassPath$FileLoader$1
Event: 0.299 loading class sun/misc/URLClassPath$FileLoader$1 done
Event: 0.301 loading class javafx/application/Application
Event: 0.301 loading class javafx/application/Application done


Dynamic libraries:
0x00007ff7da580000 - 0x00007ff7da5c7000 	D:\Program Files\Java\jdk1.8.0_271\bin\java.exe
0x00007ffa85f30000 - 0x00007ffa86128000 	C:\WINDOWS\SYSTEM32\ntdll.dll
0x00007ffa84880000 - 0x00007ffa8493d000 	C:\WINDOWS\System32\KERNEL32.DLL
0x00007ffa83b90000 - 0x00007ffa83e5e000 	C:\WINDOWS\System32\KERNELBASE.dll
0x00007ffa85540000 - 0x00007ffa855ee000 	C:\WINDOWS\System32\ADVAPI32.dll
0x00007ffa83f90000 - 0x00007ffa8402e000 	C:\WINDOWS\System32\msvcrt.dll
0x00007ffa85420000 - 0x00007ffa854bc000 	C:\WINDOWS\System32\sechost.dll
0x00007ffa84400000 - 0x00007ffa84525000 	C:\WINDOWS\System32\RPCRT4.dll
0x00007ffa84970000 - 0x00007ffa84b10000 	C:\WINDOWS\System32\USER32.dll
0x00007ffa83f60000 - 0x00007ffa83f82000 	C:\WINDOWS\System32\win32u.dll
0x00007ffa84940000 - 0x00007ffa8496a000 	C:\WINDOWS\System32\GDI32.dll
0x00007ffa83a80000 - 0x00007ffa83b8b000 	C:\WINDOWS\System32\gdi32full.dll
0x00007ffa838e0000 - 0x00007ffa8397d000 	C:\WINDOWS\System32\msvcp_win.dll
0x00007ffa83650000 - 0x00007ffa83750000 	C:\WINDOWS\System32\ucrtbase.dll
0x00007ffa74f70000 - 0x00007ffa7520a000 	C:\WINDOWS\WinSxS\amd64_microsoft.windows.common-controls_6595b64144ccf1df_6.0.19041.1110_none_60b5254171f9507e\COMCTL32.dll
0x00007ffa85310000 - 0x00007ffa85340000 	C:\WINDOWS\System32\IMM32.DLL
0x00007ffa7cb20000 - 0x00007ffa7cb35000 	D:\Program Files\Java\jdk1.8.0_271\jre\bin\vcruntime140.dll
0x00007ffa63af0000 - 0x00007ffa63b8b000 	D:\Program Files\Java\jdk1.8.0_271\jre\bin\msvcp140.dll
0x000000006c200000 - 0x000000006ca6f000 	D:\Program Files\Java\jdk1.8.0_271\jre\bin\server\jvm.dll
0x00007ffa854d0000 - 0x00007ffa854d8000 	C:\WINDOWS\System32\PSAPI.DLL
0x00007ffa6ec50000 - 0x00007ffa6ec77000 	C:\WINDOWS\SYSTEM32\WINMM.dll
0x00007ffa7f070000 - 0x00007ffa7f079000 	C:\WINDOWS\SYSTEM32\WSOCK32.dll
0x00007ffa85cd0000 - 0x00007ffa85d3b000 	C:\WINDOWS\System32\WS2_32.dll
0x00007ffa72e90000 - 0x00007ffa72e9a000 	C:\WINDOWS\SYSTEM32\VERSION.dll
0x00007ffa81550000 - 0x00007ffa81562000 	C:\WINDOWS\SYSTEM32\kernel.appcore.dll
0x00007ffa7e170000 - 0x00007ffa7e180000 	D:\Program Files\Java\jdk1.8.0_271\jre\bin\verify.dll
0x00007ffa758d0000 - 0x00007ffa758fb000 	D:\Program Files\Java\jdk1.8.0_271\jre\bin\java.dll
0x00007ffa72500000 - 0x00007ffa72530000 	D:\Program Files\Java\jdk1.8.0_271\jre\bin\instrument.dll
0x00007ffa7a630000 - 0x00007ffa7a648000 	D:\Program Files\Java\jdk1.8.0_271\jre\bin\zip.dll
0x00007ffa84b10000 - 0x00007ffa85254000 	C:\WINDOWS\System32\SHELL32.dll
0x00007ffa81750000 - 0x00007ffa81ee4000 	C:\WINDOWS\SYSTEM32\windows.storage.dll
0x00007ffa84040000 - 0x00007ffa84394000 	C:\WINDOWS\System32\combase.dll
0x00007ffa82fe0000 - 0x00007ffa83010000 	C:\WINDOWS\SYSTEM32\Wldp.dll
0x00007ffa85680000 - 0x00007ffa8572d000 	C:\WINDOWS\System32\SHCORE.dll
0x00007ffa84530000 - 0x00007ffa84585000 	C:\WINDOWS\System32\shlwapi.dll
0x00007ffa83590000 - 0x00007ffa835af000 	C:\WINDOWS\SYSTEM32\profapi.dll
0x00007ffa725b0000 - 0x00007ffa725ca000 	C:\Program Files\JetBrains\IntelliJ IDEA 2022.2\bin\breakgen64.dll
0x00007ffa724e0000 - 0x00007ffa724fc000 	D:\Program Files\Java\jdk1.8.0_271\jre\bin\net.dll
0x00007ffa82d40000 - 0x00007ffa82daa000 	C:\WINDOWS\system32\mswsock.dll

VM Arguments:
jvm_args: -javaagent:C:\Program Files\JetBrains\IntelliJ IDEA 2022.2\lib\idea_rt.jar=61354:C:\Program Files\JetBrains\IntelliJ IDEA 2022.2\bin -Dfile.encoding=UTF-8 
java_command: com.seekerscloud.pos.AppInitializer
java_class_path (initial): D:\Program Files\Java\jdk1.8.0_271\jre\lib\charsets.jar;D:\Program Files\Java\jdk1.8.0_271\jre\lib\deploy.jar;D:\Program Files\Java\jdk1.8.0_271\jre\lib\ext\access-bridge-64.jar;D:\Program Files\Java\jdk1.8.0_271\jre\lib\ext\cldrdata.jar;D:\Program Files\Java\jdk1.8.0_271\jre\lib\ext\dnsns.jar;D:\Program Files\Java\jdk1.8.0_271\jre\lib\ext\jaccess.jar;D:\Program Files\Java\jdk1.8.0_271\jre\lib\ext\jfxrt.jar;D:\Program Files\Java\jdk1.8.0_271\jre\lib\ext\localedata.jar;D:\Program Files\Java\jdk1.8.0_271\jre\lib\ext\nashorn.jar;D:\Program Files\Java\jdk1.8.0_271\jre\lib\ext\sunec.jar;D:\Program Files\Java\jdk1.8.0_271\jre\lib\ext\sunjce_provider.jar;D:\Program Files\Java\jdk1.8.0_271\jre\lib\ext\sunmscapi.jar;D:\Program Files\Java\jdk1.8.0_271\jre\lib\ext\sunpkcs11.jar;D:\Program Files\Java\jdk1.8.0_271\jre\lib\ext\zipfs.jar;D:\Program Files\Java\jdk1.8.0_271\jre\lib\javaws.jar;D:\Program Files\Java\jdk1.8.0_271\jre\lib\jce.jar;D:\Program Files\Java\jdk1.8.0_271\jre\lib\jfr.jar;D:\Program Files\Java\jdk1.8.0_271\jre\lib\jfxswt.jar;D:\Program Files\Java\jdk1.8.0_271\jre\lib\jsse.jar;D:\Program Files\Java\jdk1.8.0_271\jre\lib\management-agent.jar;D:\Program Files\Java\jdk1.8.0_271\jre\lib\plugin.jar;D:\Program Files\Java\jdk1.8.0_271\jre\lib\resources.jar;D:\Program Files\Java\jdk1.8.0_271\jre\lib\rt.jar;D:\bootcamp\1\se\final-app\Thogakade\out\production\Thogakade;D:\bootcamp\1\se\final-app\Thogakade\lib\jfoenix-8.0.8.jar;C:\Program Files\JetBrains\IntelliJ IDEA 2022.2\lib\idea_rt.jar
Launcher Type: SUN_STANDARD

Environment Variables:
JAVA_HOME=C:\Program Files\Java\jdk-11.0.15
PATH=C:\Program Files\Common Files\Oracle\Java\javapath;C:\Program Files (x86)\Common Files\Oracle\Java\javapath;C:\WINDOWS\system32;C:\WINDOWS;C:\WINDOWS\System32\Wbem;C:\WINDOWS\System32\WindowsPowerShell\v1.0\;C:\WINDOWS\System32\OpenSSH\;D:\Program Files\nodejs;C:\Program Files\Git\cmd;C:\Program Files\PuTTY\;C:\Windows\System32\cmd.exe;C:\Program Files\Java\jdk1.8.0_202\bin;C:\Program Files\MySQL\MySQL Server 8.0\bin;C:\Program Files\MySQL\MySQL Shell 8.0\bin\;C:\Users\seekerscloud\AppData\Local\Microsoft\WindowsApps;C:\Users\seekerscloud\AppData\Roaming\npm;;C:\Program Files\JetBrains\IntelliJ IDEA 2022.2\bin;
USERNAME=seekerscloud
OS=Windows_NT
PROCESSOR_IDENTIFIER=Intel64 Family 6 Model 61 Stepping 4, GenuineIntel



---------------  S Y S T E M  ---------------

OS: Windows 10.0 , 64 bit Build 19041 (10.0.19041.1889)

CPU:total 4 (initial active 4) (2 cores per cpu, 2 threads per core) family 6 model 61 stepping 4, cmov, cx8, fxsr, mmx, sse, sse2, sse3, ssse3, sse4.1, sse4.2, popcnt, avx, avx2, aes, clmul, erms, 3dnowpref, lzcnt, ht, tsc, tscinvbit, bmi1, bmi2, adx

Memory: 4k page, physical 8318032k(1660512k free), swap 10415184k(3136k free)

vm_info: Java HotSpot(TM) 64-Bit Server VM (25.271-b09) for windows-amd64 JRE (1.8.0_271-b09), built on Sep 16 2020 19:14:59 by "" with MS VC++ 15.9 (VS2017)

time: Tue Sep 13 23:35:48 2022
timezone: Pacific Daylight Time
elapsed time: 0.321277 seconds (0d 0h 0m 0s)

